cronCrawling 함수 실행 : 
cronCrawling 함수 실행 : 
cronCrawling 함수 실행 :  2022-11-10 12:38:07.058816+00:00
cronCrawling 함수 실행 :  2022-11-10 12:39:06.706053+00:00
cronCrawling 함수 실행 :  2022-11-10 12:40:05.844447+00:00
cronCrawling 함수 실행 :  2022-11-10 12:41:06.276970+00:00
cronCrawling 함수 실행 :  2022-11-10 12:42:06.441148+00:00
cronCrawling 함수 실행 :  2022-11-10 12:43:06.479917+00:00
cronCrawling 함수 실행 :  2022-11-10 12:44:06.634045+00:00
cronCrawling 함수 실행 :  2022-11-10 12:45:05.757041+00:00
cronCrawling 함수 실행 :  2022-11-10 12:46:05.884762+00:00
cronCrawling 함수 실행 :  2022-11-10 12:47:05.957476+00:00
cronCrawling 함수 실행 :  2022-11-10 12:48:05.963750+00:00
cronCrawling 함수 실행 :  2022-11-10 12:49:06.204387+00:00
cronCrawling 함수 실행 :  2022-11-10 12:50:06.517354+00:00
cronCrawling 함수 실행 :  2022-11-10 12:51:06.742033+00:00
cronCrawling 함수 실행 :  2022-11-10 12:52:05.853830+00:00
cronCrawling 함수 실행 :  2022-11-10 12:53:05.954205+00:00
cronCrawling 함수 실행 :  2022-11-10 12:54:06.042880+00:00
cronCrawling 함수 실행 :  2022-11-10 12:55:06.208230+00:00
cronCrawling 함수 실행 :  2022-11-10 12:56:06.207864+00:00
cronCrawling 함수 실행 :  2022-11-10 12:57:06.295190+00:00
cronCrawling 함수 실행 :  2022-11-10 12:58:06.176539+00:00
cronCrawling 함수 실행 :  2022-11-10 12:59:05.630463+00:00
cronCrawling 함수 실행 :  2022-11-10 13:00:06.222773+00:00
cronCrawling 함수 실행 :  2022-11-10 13:01:06.408803+00:00
cronCrawling 함수 실행 :  2022-11-10 13:02:05.838163+00:00
cronCrawling 함수 실행 :  2022-11-10 13:03:05.289384+00:00
cronCrawling 함수 실행 :  2022-11-10 13:04:05.846188+00:00
cronCrawling 함수 실행 :  2022-11-10 13:05:05.572196+00:00
cronCrawling 함수 실행 :  2022-11-10 13:06:06.288299+00:00
cronCrawling 함수 실행 :  2022-11-10 13:07:05.903486+00:00
cronCrawling 함수 실행 :  2022-11-10 13:08:05.251459+00:00
cronCrawling 함수 실행 :  2022-11-10 13:09:06.536586+00:00
cronCrawling 함수 실행 :  2022-11-10 13:10:06.342950+00:00
cronCrawling 함수 실행 :  2022-11-10 13:11:06.332806+00:00
cronCrawling 함수 실행 :  2022-11-10 13:12:06.185796+00:00
cronCrawling 함수 실행 :  2022-11-10 13:13:06.127333+00:00
cronCrawling 함수 실행 :  2022-11-10 13:14:06.141984+00:00
cronCrawling 함수 실행 :  2022-11-10 13:15:06.205843+00:00
cronCrawling 함수 실행 :  2022-11-10 13:16:06.615719+00:00
cronCrawling 함수 실행 :  2022-11-10 13:17:06.905089+00:00
cronCrawling 함수 실행 :  2022-11-10 13:18:05.826880+00:00
cronCrawling 함수 실행 :  2022-11-10 13:19:05.761006+00:00
cronCrawling 함수 실행 :  2022-11-10 13:20:06.887011+00:00
cronCrawling 함수 실행 :  2022-11-10 13:21:06.822694+00:00
cronCrawling 함수 실행 :  2022-11-10 13:22:06.481946+00:00
cronCrawling 함수 실행 :  2022-11-10 13:23:07.032914+00:00
cronCrawling 함수 실행 :  2022-11-10 13:24:07.247492+00:00
cronCrawling 함수 실행 :  2022-11-10 13:25:07.652094+00:00
cronCrawling 함수 실행 :  2022-11-10 13:26:05.651044+00:00
cronCrawling 함수 실행 :  2022-11-10 13:27:05.855120+00:00
cronCrawling 함수 실행 :  2022-11-10 13:28:06.304502+00:00
current device : cpu
cronCrawling 함수 실행 :  2022-11-14 07:26:21.624440+00:00
current device : cpu
cronCrawling 함수 실행 :  2022-11-14 07:27:22.294758+00:00
current device : cpu
cronCrawling 함수 실행 :  2022-11-14 07:29:23.941133+00:00
current device : cpu
cronCrawling 함수 실행 :  2022-11-14 07:30:33.956076+00:00
current device : cpu
cronCrawling 함수 실행 :  2022-11-14 16:31:28.092226
current device : cpu
cronCrawling 함수 실행 :  2022-11-14 16:32:22.102999
current device : cpu
cronCrawling 함수 실행 :  2022-11-14 16:33:31.247646
current device : cpu
cronCrawling 함수 실행 :  2022-11-14 16:34:38.406431
current device : cpu
cronCrawling 함수 실행 :  2022-11-14 16:35:28.824125
current device : cpu
cronCrawling 함수 실행 :  2022-11-14 16:36:47.540015
current device : cpu
cronCrawling 함수 실행 :  2022-11-14 16:37:40.157097
current device : cpu
cronCrawling 함수 실행 :  2022-11-14 16:38:24.218993
current device : cpu
cronCrawling 함수 실행 :  2022-11-14 16:39:22.224083
current device : cpu
cronCrawling 함수 실행 :  2022-11-14 16:40:25.513796
current device : cpu
cronCrawling 함수 실행 :  2022-11-14 16:41:36.437123
current device : cpu
cronCrawling 함수 실행 :  2022-11-14 16:42:23.606492
current device : cpu
cronCrawling 함수 실행 :  2022-11-14 16:43:26.744505
current device : cpu
cronCrawling 함수 실행 :  2022-11-14 16:44:41.070861
current device : cpu
cronCrawling 함수 실행 :  2022-11-14 16:45:36.343891
current device : cpu
cronCrawling 함수 실행 :  2022-11-14 16:47:28.035167
current device : cpu
cronCrawling 함수 실행 :  2022-11-14 16:48:21.027256
current device : cpu
cronCrawling 함수 실행 :  2022-11-14 16:49:16.209077
current device : cpu
cronCrawling 함수 실행 :  2022-11-14 16:50:16.166650
current device : cpu
cronCrawling 함수 실행 :  2022-11-14 16:51:14.805690
current device : cpu
cronCrawling 함수 실행 :  2022-11-14 16:52:14.803747
current device : cpu
cronCrawling 함수 실행 :  2022-11-14 16:53:15.480566
current device : cpu
cronCrawling 함수 실행 :  2022-11-14 16:54:18.545114
current device : cpu
cronCrawling 함수 실행 :  2022-11-14 16:55:15.630588
current device : cpu
cronCrawling 함수 실행 :  2022-11-14 16:56:17.720609
current device : cpu
cronCrawling 함수 실행 :  2022-11-14 16:57:15.653379
current device : cpu
cronCrawling 함수 실행 :  2022-11-14 16:58:15.223855
current device : cpu
cronCrawling 함수 실행 :  2022-11-14 16:59:22.240585
current device : cpu
cronCrawling 함수 실행 :  2022-11-14 17:00:22.731679
current device : cpu
cronCrawling 함수 실행 :  2022-11-14 17:01:24.995948
current device : cpu
cronCrawling 함수 실행 :  2022-11-14 17:02:22.414474
current device : cpu
cronCrawling 함수 실행 :  2022-11-14 17:03:22.872824
current device : cpu
cronCrawling 함수 실행 :  2022-11-14 17:04:21.581322
current device : cpu
cronCrawling 함수 실행 :  2022-11-14 17:05:22.002069
current device : cpu
cronCrawling 함수 실행 :  2022-11-14 17:06:21.310397
current device : cpu
cronCrawling 함수 실행 :  2022-11-14 17:07:23.785777
current device : cpu
cronCrawling 함수 실행 :  2022-11-14 17:08:32.142797
current device : cpu
cronCrawling 함수 실행 :  2022-11-14 17:09:57.470250
current device : cpu
cronCrawling 함수 실행 :  2022-11-14 17:10:48.616706
current device : cpu
cronCrawling 함수 실행 :  2022-11-14 17:11:37.461776
current device : cpu
cronCrawling 함수 실행 :  2022-11-14 17:13:32.561648
current device : cpu
cronCrawling 함수 실행 :  2022-11-14 17:13:35.484968
current device : cpu
cronCrawling 함수 실행 :  2022-11-14 17:14:29.277494
current device : cpu
cronCrawling 함수 실행 :  2022-11-14 17:15:34.177950
current device : cpu
cronCrawling 함수 실행 :  2022-11-14 17:16:26.317200
current device : cpu
cronCrawling 함수 실행 :  2022-11-14 17:17:23.875613
current device : cpu
cronCrawling 함수 실행 :  2022-11-14 17:18:28.962020
current device : cpu
cronCrawling 함수 실행 :  2022-11-14 17:19:25.644799
current device : cpu
cronCrawling 함수 실행 :  2022-11-14 17:20:26.993039
current device : cpu
cronCrawling 함수 실행 :  2022-11-14 17:21:44.686035
current device : cpu
cronCrawling 함수 실행 :  2022-11-14 17:22:30.472815
current device : cpu
cronCrawling 함수 실행 :  2022-11-14 17:23:30.040036
current device : cpu
cronCrawling 함수 실행 :  2022-11-14 17:24:30.069285
current device : cpu
cronCrawling 함수 실행 :  2022-11-14 17:25:23.988545
current device : cpu
cronCrawling 함수 실행 :  2022-11-14 17:26:29.057019
current device : cpu
cronCrawling 함수 실행 :  2022-11-14 17:27:34.433866
current device : cpu
cronCrawling 함수 실행 :  2022-11-14 17:28:25.781358
current device : cpu
cronCrawling 함수 실행 :  2022-11-14 17:29:42.474898
current device : cpu
cronCrawling 함수 실행 :  2022-11-14 17:30:27.175522
current device : cpu
cronCrawling 함수 실행 :  2022-11-14 17:31:34.548520
current device : cpu
cronCrawling 함수 실행 :  2022-11-14 17:32:24.188798
current device : cpu
cronCrawling 함수 실행 :  2022-11-14 17:33:24.017585
current device : cpu
cronCrawling 함수 실행 :  2022-11-14 17:34:25.725346
current device : cpu
cronCrawling 함수 실행 :  2022-11-14 17:35:27.812625
current device : cpu
cronCrawling 함수 실행 :  2022-11-14 17:36:25.582175
current device : cpu
cronCrawling 함수 실행 :  2022-11-14 17:37:16.651769
current device : cpu
cronCrawling 함수 실행 :  2022-11-14 17:38:24.605697
current device : cpu
cronCrawling 함수 실행 :  2022-11-14 17:39:16.063806
current device : cpu
cronCrawling 함수 실행 :  2022-11-14 17:40:36.322711
current device : cpu
cronCrawling 함수 실행 :  2022-11-14 17:41:27.889044
current device : cpu
cronCrawling 함수 실행 :  2022-11-14 17:42:14.386215
current device : cpu
cronCrawling 함수 실행 :  2022-11-14 17:43:22.303296
current device : cpu
cronCrawling 함수 실행 :  2022-11-14 17:44:17.063921
current device : cpu
cronCrawling 함수 실행 :  2022-11-14 17:45:17.873900
current device : cpu
cronCrawling 함수 실행 :  2022-11-14 17:46:16.730452
current device : cpu
current device : cpu
current device : cpu
current device : cpu
current device : cpu
current device : cpu
current device : cpu
current device : cpu
current device : cpu
current device : cpu
current device : cpu
current device : cpu
current device : cpu
current device : cpu
current device : cpu
current device : cpu
current device : cpu
current device : cpu
current device : cpu
current device : cpu
current device : cpu
current device : cpu
current device : cpu
current device : cpu
start gubun :  2022-11-15 11:44:21.774806
current device : cpu
start gubun :  2022-11-15 11:52:20.063924
current device : cpu
start gubun :  2022-11-15 11:53:20.037735
current device : cpu
start gubun :  2022-11-15 11:54:20.466543
current device : cpu
start gubun :  2022-11-15 11:55:20.450914
current device : cpu
start gubun :  2022-11-15 11:56:19.665051
current device : cpu
start gubun :  2022-11-15 11:57:22.840973
current device : cpu
start gubun :  2022-11-15 11:58:25.157577
current device : cpu
start gubun :  2022-11-15 11:59:21.152190
current device : cpu
start gubun :  2022-11-15 12:00:21.080429
current device : cpu
daily crawling start
{'link': 'https://v.daum.net/v/20221115120008556', 'title': '무주택 가구 939만…상위 10% 집값은 하위 10%의 49배', 'time': datetime.datetime(2022, 11, 15, 12, 0), 'press': '연합뉴스', 'contents': '(세종=연합뉴스) 박용주 곽민서 기자 = 지난해 주택 가격이 급등한 영향으로 무주택 가구가 940만 가구에 육박했다. 자산 상위 10%가 보유한 주택 가격은 1년 새 2억원 가까이 오르면서 하위 10%의 49배에 달했다. 무주택 가구 1년 새 19만↑…서울 주택 소유율 절반 못 미쳐 15일 통계청이 발표한 2021년 주택 소유 통계에 따르면 지난해 주택을 소유한 가구는 1천206만3천 가구로 1년 전보다 33만3천 가구(2.8%) 증가했다. 전체 가구 가운데 절반가량(56.2%)은 자기 집을 보유한 셈이다. 무주택 가구는 938만6천 가구로 18만9천 가구(2.1%) 늘었다. 세대별 가구 분화가 이어지는 가운데 작년 주택 가격이 급등세를 이어가며 무주택 가구가 늘어난 것으로 풀이된다. 특히 집값이 비싼 서울의 경우 가구 주택 소유율이 48.8%로 절반에도 미치지 못했다. 시군구 단위로는 청년층 거주 비중이 높은 서울 관악구(35.3%) 주택 소유율이 전국에서 가장 낮았다. 가구주 연령대별 주택 소유율은 70대(70.4%)  60대(67.9%)  50대(63.9%) 순으로 높았고  30세 미만(11.7%)이 가장 낮았다. 세대 구성에서도 5인 이상 가구(74.6%)나 부부·미혼 자녀 가구(73.7%)의 주택 소유율이 높았으며  1인 가구는 30.6%에 그쳤다. 가구주 연령대가 높고 가구원 수가 많을수록 주택 소유율이 올라간 것이다. 유주택 가구 가운데 주택을 2채 이상 보유한 다주택 가구는 26.1%로 집계됐다. 나머지 73.9%는 주택을 1채만 보유한 것으로 나타났다. 유주택 가구주 가운데는 50대(25.6%)가 가장 많았다. 자산 상위 10% 집값 14억8천만원 vs 하위 10% 집값 3천만원 공시가격 기준으로 가구별 주택 자산 현황을 살펴보면 자산 가액이 3억원 이하인 가구가 60.2%를 차지했다. 주택을 소유한 가구의 평균 주택 자산 가액은 3억7천600만원으로 1년 전보다 5천200만원 올랐다. 자산 가액 기준 상위 10% 가구의 집값은 더욱 큰 폭으로 뛰었다. 상위 10%의 주택 자산 가액은 평균 14억8천만원으로 집계됐는데  이는 1년 전보다 1억7천500만원 급등한 수준이다. 상위 10%가 보유한 주택 평균 면적도 111.0㎡(33.6평)로 전체 평균(86.6㎡·26.2평)을 웃돌았다. 반면 하위 10% 가구의 평균 주택 자산 가액은 3천만원에 불과했다. 상위 10%가 보유한 주택 가격이 하위 10%의 49.5배에 달한 것이다. 상위 10%와 하위 10%의 주택 가격 격차는 2019년 40.85배  2020년 46.75배에서 더욱 확대됐다. 가구주 성별 기준으로 보면 자산 상위 분위일수록 남성이 많았다. 연령별로는 50대  거주 지역별로는 서울·경기에 상위 분위 가구가 많이 분포했다. mskwak@yna.co.kr ▶제보는 카톡 okjebo', 'img': 'https://img4.daumcdn.net/thumb/R658x0.q70/?fname=https://t1.daumcdn.net/news/202211/15/yonhap/20221115120008505hqmz.jpg', 'reporter': '곽민서', 'logo': 'https://t1.daumcdn.net/media/news/news2016/cp/cp_moneytoday.gif', 'thumbnail': 'https://img1.daumcdn.net/thumb/S96x60ht.u/?fname=https%3A%2F%2Ft1.daumcdn.net%2Fnews%2F202211%2F15%2Fyonhap%2F20221115120008505hqmz.jpg&scode=media', 'category': '경제'}
----------> title test :  무주택 가구 939만…상위 10% 집값은 하위 10%의 49배
Seed set as 42
seed_everything
BASE_DIR :  /mnt/c/venvs/final/wslFinal/finalProject/article/ditAPI
dirTmp1111 :  /mnt/c/venvs/final/wslFinal/finalProject/article/ditAPI/model.pt
current device : cpu
daily crawling start
{'link': 'https://v.daum.net/v/20221115120102685', 'title': '금감원 "허위·과장 진료 주의해야…보험사기 연루 우려"', 'time': datetime.datetime(2022, 11, 15, 12, 1), 'press': '연합뉴스', 'contents': '(서울=연합뉴스) 심재훈 기자 = 금융감독원이 최근 생활 속에서 보험 사기가 급증하고 있다며 허위와 과장 진료 권유 등에 주의하라고 당부했다. 금감원은 15일 생활 속 보험사기 예방 요령 자료를 내고 보험 사기 제안을 받으면 반드시 거절하고 즉시 신고하라고 권고했다. 이는 최근 들어 회사원  주부  학생 등 평범한 사람이 보험 사기로 적발되는 비중이 높아지고 범죄로 인식하지 못한 채 금전적인 유혹에 연루되는 경우가 많기 때문이다. 지난해 보험 사기 적발 인원만 8만7천629명에 달했다. 예를 들어 의료인이 아닌 상담실장 등이 수술과 진료비 안내 명목으로 "실손 보험 있어요?"라고 보험 가입 여부를 확인한 뒤 "비용은 보험으로 처리하게 해드릴게요"라면서 불필요한 진료를 유도하는 게 전형적인 보험 사기 수법이다. 금감원은 "이 정도는 괜찮겠지라는 생각으로 실제 진료 사실 및 금액과 다른 서류로 보험금을 받으면 보험 사기꾼으로 연루될 수 있음을 명심해야 한다"고 밝혔다. 아울러 혼잡한 교차로 등에서 교통법규 위반 차량을 노려 고의 추돌 후 고액의 합의금을 요구하는 보험 사기도 많다. 이들은 피해자의 과실을 강조하며 고액의 현금 지급을 강요하는 게 일반적이다. 금감원 관계자는 "보험사기가 의심되는 교통사고를 당했을 경우 경찰이나 보험사에 즉시 알려 도움을 요청해야 하며 현장 합의는 신중하게 결정해야 한다"고 말했다. president21@yna.co.kr ▶제보는 카톡 okjebo', 'img': 'https://img1.daumcdn.net/thumb/R658x0.q70/?fname=https://t1.daumcdn.net/news/202211/15/yonhap/20221115120102423bypi.jpg', 'reporter': '심재훈', 'logo': 'https://t1.daumcdn.net/media/news/news2016/cp/cp_yonhap.gif', 'thumbnail': 'https://img1.daumcdn.net/thumb/S96x60ht.u/?fname=https%3A%2F%2Ft1.daumcdn.net%2Fnews%2F202211%2F15%2Fyonhap%2F20221115120102423bypi.jpg&scode=media', 'category': '사회'}
----------> title test :  금감원 "허위·과장 진료 주의해야…보험사기 연루 우려"
Seed set as 42
seed_everything
BASE_DIR :  /mnt/c/venvs/final/wslFinal/finalProject/article/ditAPI
dirTmp1111 :  /mnt/c/venvs/final/wslFinal/finalProject/article/ditAPI/model.pt
current device : cpu
daily crawling start
{'link': 'https://v.daum.net/v/20221115120007551', 'title': '학교 비판 기사 수정 거부한 학보 편집국장에 “조주빈이냐” 비아냥···인권위, “인격권 침해”', 'time': datetime.datetime(2022, 11, 15, 12, 0), 'press': '경향신문', 'contents': '국가인권위원회가 학교 비판 기사 삭제를 거부한 학보사 편집국장을 ‘박사방’(텔레그램 성착취 단체메신저방) 개설자 조주빈에 빗댄 숭실대 총장의 행위가 “인권 침해”라고 판단했다. 인권위는 15일 장범식 숭실대 총장에게 인격권 침해 발언으로 피해를 입은 학보사 전 편집국장 A씨의 권리회복을 위해 적절한 조치를 취할 것을 권고했다고 밝혔다. 장 총장은 지난해 11월23일 학생들과의 간담회에서 A씨를 향해 “조주빈이 학보사 기자이자 그 학교를 위하는 편집국장이었다”며 “학교에서 끊임없는 마찰을 일으켰지만 학교에서 단 한번도 제지를 받지 않았기에 그 학교가 그 악마를 양성한 것”이라고 말했다. 당시 숭실대 학보인 ‘숭실시보’ 편집국장이었던 A씨는 학보 주간 교수가 “총장에 대한 기사가 추측에 기초했다”며 기사 수정을 요청했으나 거절한 터였다. 이후 A씨는 “교내 ‘신문방송국 규정’에 있는 편집지도권을 따르지 않았다”는 이유로 다른 기자들과 함께 해임됐다. 이 규정에 따르면 신문사 주간은 발행물 및 방송제작물에 대한 편집지도권  배포권과 방송송출권  각 언론기관 국장·부장 등 임원의 임면권  징계권을 가진다. 장 총장으로부터 모욕적인 발언을 들은 A씨는 “인격권을 침해 당했다”며 지난해 12월 장 총장에 대해 인권위에 진정을 제기했다. 장 총장은 “조주빈이 재학 중 학교로부터 아무 제지도 받지 않고 활동한 것은 대학 측이 교육기관으로서 책임을 방기한 것임을 강조하고자 해당 발언을 한 것일 뿐  조주빈을 A씨에게 비유한 것은 아니었다”고 인권위에 해명했다. 그러나 인권위 침해구제제2위원회는 장 총장의 발언이 간담회에 참석한 이들에게 조주빈과 A씨를 동일시하는 효과를 불러일으킴으로써 A씨의 인격적 가치에 대한 사회적 평판을 떨어뜨렸다고 판단했다. ☞ [단독]"학보사 기자들이 교수에게 집단 항명해 전원 해임했다"…숭실대 학내 언론 탄압 논란 확산https://www.khan.co.kr/national/national-general/article/202112090600001 윤기은 기자 energyeun@kyunghyang.com', 'img': 'https://img4.daumcdn.net/thumb/R658x0.q70/?fname=https://t1.daumcdn.net/news/202211/15/khan/20221115120009019bjts.jpg', 'reporter': '윤기은', 'logo': 'https://t1.daumcdn.net/media/news/news2016/cp/cp_khan.gif', 'thumbnail': 'https://img1.daumcdn.net/thumb/S96x60ht.u/?fname=https%3A%2F%2Ft1.daumcdn.net%2Fnews%2F202211%2F15%2Fkhan%2F20221115120009019bjts.jpg&scode=media', 'category': '사회'}
----------> title test :  학교 비판 기사 수정 거부한 학보 편집국장에 “조주빈이냐” 비아냥···인권위, “인격권 침해”
Seed set as 42
seed_everything
BASE_DIR :  /mnt/c/venvs/final/wslFinal/finalProject/article/ditAPI
dirTmp1111 :  /mnt/c/venvs/final/wslFinal/finalProject/article/ditAPI/model.pt
current device : cpu
daily crawling start
{'link': 'https://v.daum.net/v/20221115121354147', 'title': '尹 대통령, G20 정상회의 데뷔…한중 정상회담 개최', 'time': datetime.datetime(2022, 11, 15, 12, 13), 'press': '채널A', 'contents': '[앵커]            윤석열 대통령과 시진핑 중국 국가 주석이 오늘 인도네시아 발리에서 정상회담을 갖습니다. 윤 대통령 취임 이후 첫 한중 정상회담인데요  윤 대통령은 앞서 G20 정상회의에도 데뷔합니다. 발리 현지 연결합니다. 조영민 기자  한중 회담이 열릴 것 같다는 어제 채널A 보도가 있었는데 정확한 시간이 정해졌군요? [기자] 네 대통령실은 우리 시각으로 오늘 오후 6시  윤석열 대통령과 시진핑 중국 국가주석 간 정상회담이 열린다고 공식 발표했습니다. 한중 정상회담은 2019년 12월 베이징에서 열린지 약 3년 만에 열리는 건데요. 캄보디아에서 개최된 한미  한미일  한일 연쇄 회담에 이어 순방 마지막 날인 오늘 한중 정상회담까지 최종 성사된 겁니다. 윤 대통령은 회담에 앞서 G20 정상회의에 참석합니다. 오전과 오후 총 2번의 세션이 진행되는데  윤 대통령은 각각 식량 에너지 안보와 코로나19 등 팬데믹 대응을 주제로 한 회의에서 발언할 예정입니다. 윤 대통령이 그동안 글로벌 복합 위기 극복을 위한 국제 사회 연대를 강조해온 만큼  오늘 회의에서 연대와 협력을 통한 식량 에너지 위기 극복과 보건의료 협력을 강조할 것으로 예상됩니다. 윤 대통령은 G20 정상회의 일정 중 하나로 오늘 각국 정상들과 오찬도 함께할 예정입니다. 윤 대통령 부부는 G20 정상회의 주최 측인 인도네시아가 개최하는 환영 만찬 자리에 참석한 뒤 오늘 밤 귀국길에 오릅니다. 지금까지 인도네시아 발리에서 채널A 뉴스 조영민입니다. 영상취재 : 한규성 조승현(프놈펜) 영상편집 : 장세례 조영민 기자 ym@ichannela.com', 'img': 'video_news', 'reporter': '조영민', 'logo': 'https://t1.daumcdn.net/media/news/news2016/cp/cp_channela.gif', 'thumbnail': 'https://img1.daumcdn.net/thumb/S96x60ht.u/?fname=https%3A%2F%2Ft1.daumcdn.net%2Fnews%2F202211%2F15%2FChannela%2F20221115121357440mhdj.jpg&scode=media', 'category': '정치'}
----------> title test :  尹 대통령, G20 정상회의 데뷔…한중 정상회담 개최
Seed set as 42
seed_everything
BASE_DIR :  /mnt/c/venvs/final/wslFinal/finalProject/article/ditAPI
dirTmp1111 :  /mnt/c/venvs/final/wslFinal/finalProject/article/ditAPI/model.pt
current device : cpu
daily crawling start
{'link': 'https://v.daum.net/v/20221115120102684', 'title': '치킨 양은 ‘네네’ 건강은 ‘교촌’ 가성비 ‘굽네’', 'time': datetime.datetime(2022, 11, 15, 12, 1), 'press': 'KBS', 'contents': '치킨 대목 월드컵 시즌이 다가왔다. 대한민국 경기는 밤 10시(對 우루과이·가나)거나 밤 12시(對 포르투갈)라 치맥 즐기기에도 알맞은 시간이다. 한국소비자원이 오늘(15일) 프랜차이즈 10개 업체  24개 제품(순살 제외)을 비교·분석한 내용을 소개한다. ■ 푸짐한 양은 네네치킨 치킨은 웬만하면 맛있다. 그래서 양도 중요하다. 여럿이 모여 응원하면서 먹는 자리면 더욱 그렇다. 한국소비자원 조사 결과 24개 제품 평균 무게는 879g이었고  뼈를 뺀 살코기만 쟀을 땐 683g이었다. 네네치킨의 쇼킹핫치킨이 1 234g으로 가장 양이 많은 것으로 조사됐다. 뼈를 뺀 무게로도 1 085g를 기록해 조사 제품 중 유일하게 1㎏을 넘었다. 닭고기 1인분이 300g 정도인 것을 감안하면 3명이 먹어도 넉넉한 양이다. 반면 가장 무게가 적은 제품은 교촌치킨의 교촌오리지날(625g)  호식이두마리치킨의 간장치킨(679g)이었다. 뼈를 빼면 각각 495g  554g에 불과했다. 한국소비자원은 치킨 브랜드가 어떤 호수의 닭을 쓰느냐에 따라 제품별로 최대 2배 차이가 난다고 분석했다. 치킨 프랜차이즈들은 대개 9호에서 12호(851g~1 250g)의 닭을 쓰는데  네네치킨은 11호  호식이두마리치킨은 9호 닭을 쓴다. 조리법·첨가물 차이도 무게에 영향을 미친다. 치킨업계 관계자는 "표면의 울퉁불퉁한 튀김옷인 컬은 치킨이 더 맛있게 보이는 역할을 하는데  어떤 브랜드는 특유의 맛을 위해 컬을 일부러 갈아내기도 한다"라면서 "요즘은 떡이나 감자  마늘 등 부원료를 넣는 브랜드도 많아졌다"라고 말했다. ■ 건강 생각하면 교촌치킨 치킨이 건강에 좋은 줄 알고 먹는 사람 없다. 시험대상 제품들(한 마리 기준)의 나트륨 평균 함량은 3 169㎎으로  하루 영양성분 기준치(2 000㎎)의 158%였다. 당류 함량도 평균 58g으로  하루 기준치의 58%였다. 국민 간식은 나트륨·설탕 덩어리인 셈이다. 교촌치킨의 교촌오리지날은 한마리 기준 나트륨 함량이 1 272㎎으로 가장 적었다. 특히 당류 함량은 5g 정도로 하루 기준치 대비 5% 수준이었다. 뼈를 제외했을 때 100g당 당류 함량(0.9g)은 가장 당류 함량이 많은 네네치킨의 쇼킹핫치킨(18.5g)과 비교하면 20.6배 차이가 났다. 하지만 치킨 한 마리의 콜레스테롤 평균 함량은 669㎎로  조사 대상 24개 전부가 하루 기준치(300㎎)를 초과했다. 함량이 가장 적은 비비큐(BBQ)의 소이갈릭스도 541㎎을 기록해 하루 기준치의 180% 수준이었다. ■ 가성비는 굽네 치킨 지난 8월 기준 24개 제품 가격은 16 000원에서 22 000원으로 다양했다. 한 마리 평균 가격을 맛 종류별로 살펴보니  간장·마늘 맛은 18 680원  매운맛은 18 980원  치즈 맛은 18 900원이었다. 뼈를 뺀 살코기 100g당 가격을 보면 굽네치킨의 갈릭마왕(2 381원)  치즈바사삭(2 158원)이 가장 저렴한 것으로 나타났다. 매운맛의 경우 네네치킨의 쇼킹핫치킨(1 751원)이 조사 대사 중 유일하게 1 000원대였다. 프랜차이즈 치킨 가격은 날로 비싸지고 있다. 통계청이 2일 발표한 10월 소비자 물가동향에 따르면 치킨 물가는 지난해 같은 달 대비 10.3% 올랐다. 배달 앱 비용을 더하면 한 마리 가격이 2만 5 000원을 넘고 메뉴에 따라 30 000원에 육박하기도 한다. 업체들은 식용유 등 원자재 가격이 올랐다고 항변하지만  1년 내내 오르는 가격에 소비자들 불만은 커진다. ■ 업체 40%만 영양정보 표시 치킨은 영양성분 표시 의무대상이 아니다. 업체의 자발적 참여에만 맡길 수밖에 없다. 조사 결과 굽네치킨과 비비큐(BBQ)  교촌치킨과 호식이두마리치킨 4곳만 영양성분 정보를 자사 홈페이지에 표시하고 있었다. 한국소비자원이 영양성분 정보를 표시할 것을 권고하자 BHC는 현재 준비 중이라고 했고  네네치킨과 노랑통닭  60계는 검토해보겠다고 답했다. 반면 푸라닭과 처갓집양념통닭은 회신하지 않았다. 한국소비자원은 "제품 영양정보는 가맹점에 조리법 준수를 강조하는 가이드가 될 수 있다"라면서 "업체들이 표시정보 오류와 분석 비용 부담으로 자발적 참여를 주저하고 있다"라고 설명했다. 장혁진 기자 (analogue@kbs.co.kr)', 'img': 'https://img2.daumcdn.net/thumb/R658x0.q70/?fname=https://t1.daumcdn.net/news/202211/15/kbs/20221115120104393pray.jpg', 'reporter': '장혁진', 'logo': 'https://t1.daumcdn.net/media/news/news2016/cp/cp_kbs.gif', 'thumbnail': 'https://img1.daumcdn.net/thumb/S96x60ht.u/?fname=https%3A%2F%2Ft1.daumcdn.net%2Fnews%2F202211%2F15%2Fkbs%2F20221115120104393pray.jpg&scode=media', 'category': '경제'}
----------> title test :  치킨 양은 ‘네네’ 건강은 ‘교촌’ 가성비 ‘굽네’
Seed set as 42
seed_everything
BASE_DIR :  /mnt/c/venvs/final/wslFinal/finalProject/article/ditAPI
dirTmp1111 :  /mnt/c/venvs/final/wslFinal/finalProject/article/ditAPI/model.pt
current device : cpu
daily crawling start
{'link': 'https://v.daum.net/v/20221115113402533', 'title': '한미연합군사령부 평택 이전 완료', 'time': datetime.datetime(2022, 11, 15, 11, 34), 'press': '쿠키뉴스', 'contents': '한미연합군사령부가 44년의 용산 시대를 마무리하고 평택으로의 이전을 완료하며 본격적인 주한미군 평택시대의 개막을 알렸다. 한미연합군사령부(연합사)는 15일 캠프 험프리에서 부대 이전 기념식을 개최하며 평택 기지 이전을 공식적으로 완료했다. 이날 행사에는 폴 J. 라캐머러 유엔사·연합사·주한미군사 사령관  안병석 연합사 부사령관  정장선 평택시장 등을 포함한 국내·외 내빈들이 참석했다. 이에 따라 평택은 해외 미군기지 중 세계 최대 규모인 캠프 험프리스가 위치한 대한민국 안보의 중심지이자 세계 유일의 연합 부대인 연합사가 근무하는 한미동맹의 핵심 도시로 발돋움할 수 있게 됐다. 정장선 시장은 "한미연합군사령부의 평택 이전을 진심으로 환영한다"며  "한미 양국 핵심 전력이 모두 평택으로 모인 만큼 시에서도 한미동맹과 한반도의 평화수호를 위해 주한미군과 연합사가 역할과 임무를 충실히 이행할 수 있도록 적극 지원해 나갈 것"이라고 말했다. 평택=박진영 기자 bigman@kukinews.com', 'img': 'https://img3.daumcdn.net/thumb/R658x0.q70/?fname=https://t1.daumcdn.net/news/202211/15/kukinews/20221115113403777rhxb.jpg', 'reporter': '박진영', 'logo': 'https://t1.daumcdn.net/media/news/news2016/cp/cp_kuki1.gif', 'thumbnail': 'https://img1.daumcdn.net/thumb/S96x60ht.u/?fname=https%3A%2F%2Ft1.daumcdn.net%2Fnews%2F202211%2F15%2Fkukinews%2F20221115113403777rhxb.jpg&scode=media', 'category': '사회'}
----------> title test :  한미연합군사령부 평택 이전 완료
Seed set as 42
seed_everything
BASE_DIR :  /mnt/c/venvs/final/wslFinal/finalProject/article/ditAPI
dirTmp1111 :  /mnt/c/venvs/final/wslFinal/finalProject/article/ditAPI/model.pt
current device : cpu
daily crawling start
{'link': 'https://v.daum.net/v/20221115120038629', 'title': "文정부 규제강화 다주택자 줄고...'영끌' 1주택자 늘어", 'time': datetime.datetime(2022, 11, 15, 12, 0), 'press': '파이낸셜뉴스', 'contents': '[파이낸셜뉴스] 문재인 정부 부동산 규제 강화로 다주택 소유자가 줄었다. 또 2021년 부동산가격 급등에 따른 영끌로 주택소유자 수는 전년대비 39만3000명(2.7%) 증가했다. 일반가구 2144만8000가구 중 주택을 소유한 가구는 1206만3000가구(56.2%)  무주택 가구는 938만6000가구(43.8%)로 나타났다. 가구원수별 주택 소유율은 1인 가구가 30.6%로 낮았고 5인 이상인 가구는 74.6%로 높아 가구원 수가 많을 수록 주택 소유율도 높았다. 가구주 연령대별 주택 소유율은 70대가 70.4%로 가장 높았고  30세 미만(11.7%)은 가장 낮았다.  ■개인소유 주택 중 아파트가 61% 차지통계청은 2021년 주택소유통계에서 2021년 11월 1일 기준 총 주택수 1881만2000가구 중 개인이 소유한 주택은 1624만2000가구로 총 주택의 86.3%를 차지했다고 밝혔다. 이는 2020년(1596만8000가구) 비해 27만4000가구(1.7%) 증가한 것이다. 개인소유 주택 중 아파트는 992만4000가구로 61.1%를 차지하고  이는 2020년 964만7000가구 대비 27만7000가구(2.9%) 증가한 것이다. 문재인 정부의 부동산 규제 강화로 2주택자가 감소하고  집값 상승에 따라 영끌 등 주택 구입에 적극적으로 나서면서 1주택는 증가했다. 주택 소유자 1508만9000명이 소유한 주택수는 1624만2000가구이며  주택 소유자 기준 1인당 평균 소유주택수는 1.08가구로 나타났다. 주택 소유자 1508만9000명 중 1건만 소유한 사람은 1281만6000명(84.9%)  2건 소유한 사람은 180만4000명(12.0%)  3건 소유자의 비중은 1.9%였다. 주택 1건 소유자 비율은 84.9%로 전년 대비 0.7%포인트 증가했고  2건 이상 소유자는 227만3000명(15.1%)으로 전년 대비 0.7%포인트 감소한 것으로 나타났다. 거주지역별로 2건 이상 주택소유자 비중이 높은 지역은 제주(20.2%)  세종(18.5%)  충남(18.0%) 순이며 낮은 지역은 인천(13.6%)  광주(13.8%)  대구(14.2%) 순으로 나타났다. ■70대 가구주 주택 소유율 가장 높아일반가구 2144만8000가구 중 주택을 소유한 가구는 1206만3000가구(56.2%)  무주택 가구는 938만6000가구(43.8%)로 나타났다. 주택을 소유한 가구는 2020년(1173만 가구) 대비 33만3000가구(2.8%) 증가했다. 일반가구의 주택소유율은 56.2%로 전년 대비 0.2%포인트 증가했다. 지역별로는 울산(64.2%)  경남(63.0%)  전남(61.4%) 등의 순으로 높았다. 서울(48.8%)  대전(52.8%)  세종(53.4%) 순으로 낮게 나타났다. 가구의 주택소유율은 세종(0.9%포인트)  강원(0.7%포인트)  전남(0.4%포인트)  서울(0.4%포인트) 등에서 전년대비 증가했다. 가구의 주택 소유율이 높은 시(市)지역은 울산 북구(69.9%)  경남 거제시(66.3%)  경북 상주시(65.9%) 순이었다. 군(郡)지역은 인천 강화군(71.2%)  전남 강진군(70.8%)  경북 청도군(70.6%) 순으로 나타났다. 가구의 주택 소유율이 낮은 지역은 서울 관악구(35.3%)  부산 기장군(41.0%)  서울 중구(42.0%) 순으로 나타났다. 가구주 연령대별 주택 소유율은 70대가 70.4%로 가장 높았다. 가구주 연령대별 주택 소유율은 70대(70.4%)  60대(67.9%)  50대(63.9%) 순으로 높게 나타났다. 30세 미만(11.7%)은 가장 낮았다. 전년에 비해 30대(-0.5%포인트)  60대(-0.1%포인트)에서 감소했다. 가구원수별로는 5인 이상 가구가 74.6%  세대구성별로는 3세대 이상인 가구가 79.2%로 가장 높았다. 가구원수별 주택 소유율은 1인 가구가 30.6%로 낮았고 5인 이상인 가구는 74.6%로 높게 나타났다. 가구원 수가 많은 경우 주택 소유율도 높은 것으로 나타났다.전년 대비 가구원수별 주택 소유율은 1~4인 가구는 증가  5인 이상은 감소했다. 가구원수별 주택소유가구 수는 4인 가구(-2.9%)와 5인 이상인 가구(-7.1%)에서는 감소했고  그 외는 증가했다. #1인가구 #아파트 #다주택 #영끌', 'img': 'https://img2.daumcdn.net/thumb/R658x0.q70/?fname=https://t1.daumcdn.net/news/202211/15/fnnewsi/20221115120039012dehl.jpg', 'reporter': '임광복', 'logo': 'https://t1.daumcdn.net/media/news/news2016/cp/finan.png', 'thumbnail': 'https://img1.daumcdn.net/thumb/S96x60ht.u/?fname=https%3A%2F%2Ft1.daumcdn.net%2Fnews%2F202211%2F15%2Ffnnewsi%2F20221115120039012dehl.jpg&scode=media', 'category': '경제'}
----------> title test :  文정부 규제강화 다주택자 줄고...'영끌' 1주택자 늘어
Seed set as 42
seed_everything
BASE_DIR :  /mnt/c/venvs/final/wslFinal/finalProject/article/ditAPI
dirTmp1111 :  /mnt/c/venvs/final/wslFinal/finalProject/article/ditAPI/model.pt
current device : cpu
datilyCrawling 시작 :  2022-11-15 12:40:21.241944
{'link': 'https://v.daum.net/v/20221115122641472', 'title': '금감원장, FTX 파산에 "시장리스크 차단이 1차적 목표"', 'time': datetime.datetime(2022, 11, 15, 12, 26), 'press': '뉴스1', 'contents': '(서울=뉴스1) 신병남 박우영 기자 = 이복현 금융감독원장은 15일 가상화폐 거래소 FTX의 파산 사태와 관련해 "전통 금융시장에 미칠 리스크를 차단하는 게 1차적 목표"라며 "현재는 시장 여파를 분석하는 동시에 대응 방안에 대해 유관기관과의 협의에 나선 상황"이라고 밝혔다. 이 원장은 이날 서울 영등포구 콘래드 호텔에서 열린 금융정보보호 콘퍼런스 참석 후 기자들을 만난 자리에서 이같이 말했다. 그는 "가상자산 시장 자체 피해와 관련해서는 (전통 금융과의) 다른 측면이 있기에 단계별로 살펴볼 부분이 있다고 보고 있다"며 "피해 등 레벨별 대응 필요성에 대해서 점검을 하고 있다"고 설명했다. 이 원장은 최근 금융권 최고경영자(CEO) 선임과 관련한 외압 논란에 대해서도 재차 입장을 설명했다. 다수의 금융사 CEO가 올해 연말 또는 내년 3월 임기가 끝나는 상황에서 지난 14일 은행계 금융지주 이사회 의장들과의 간담회를 진행하고  이들에게 CEO 선임에 대한 책임 경영을 주문하면서 논란이 일고 있다. 또한 손태승 우리금융 회장은 지난 9일 열린 금융위원회 정례회의에서 라임사태와 관련 중징계가 결정돼 연임에 제동이 걸린 상황이다. 그는 "금융당국이 원칙을 가지고 해야 할 말을 하는 게 바람직하다고 생각한다"면서도 "전날 은행지주 이사회 의장 간담회는 두 달전에 계획된 것인 데다 금융위 전제회의 의결은 언제 결정될 지 제가 정할 수 있는 부분이 아니기에 우연의 일치로 봐달라"고 해명했다. 같은 날(14일) 이뤄진 라임펀드 분쟁조정위원회와 관련해서도 이 원장은 "안건준비나 토의를 위해 몇 배 이상 많이 준비를 했다"며 "위원들께서도 결론에 대한 장단점 내지 법률적 이슈라든가 사실관계 이슈들을 심도있게 검토했다"고 말했다. 이어 "영향력이 큰 이슈이기에 결과 만큼이나 어떤 과정을 통해 결론에 도달했는지에 대한 설득이 중요하다고 봤다"며 "법과 제도의 취지에 맞게 원칙적으로 작동하는 것에 신경을 쓰는 것이지 결과에 대해서는 영향을 최소화하려 노력한다"고 덧붙였다. fellsick@news1.kr', 'img': 'https://img3.daumcdn.net/thumb/R658x0.q70/?fname=https://t1.daumcdn.net/news/202211/15/NEWS1/20221115122642208ykst.jpg', 'reporter': '신병남', 'logo': 'https://t1.daumcdn.net/media/news/news2016/cp/cp_news1.gif', 'thumbnail': 'https://img1.daumcdn.net/thumb/S96x60ht.u/?fname=https%3A%2F%2Ft1.daumcdn.net%2Fnews%2F202211%2F15%2FNEWS1%2F20221115122642208ykst.jpg&scode=media', 'category': '경제'}
----------> title test :  금감원장, FTX 파산에 "시장리스크 차단이 1차적 목표"
Seed set as 42
seed_everything
BASE_DIR :  /mnt/c/venvs/final/wslFinal/finalProject/article/ditAPI
dirTmp1111 :  /mnt/c/venvs/final/wslFinal/finalProject/article/ditAPI/model.pt
current device : cpu
datilyCrawling 시작 :  2022-11-15 12:45:19.838384
{'link': 'https://v.daum.net/v/20221115123641675', 'title': '미일 정례 군사훈련 중 중국 무인기 출현…"정보 수집 가능성"', 'time': datetime.datetime(2022, 11, 15, 12, 36), 'press': '연합뉴스', 'contents': '(도쿄=연합뉴스) 박성진 특파원 = 주일미군과 일본 자위대가 연례 통합 군사훈련을 벌이는 가운데 중국 무인기 등이 일본 오키나와 주변을 선회하며 정보를 수집했을 가능성이 있다고 일본 산케이신문이 15일 보도했다. 일본 방위성은 전날 오키나와 주변에 중국군의 정찰형 무인기와 정보수집기  초계기 등 총 3대가 비행하는 것을 확인했다고 밝혔다. 3대는 14일 오전 동중국해에서 날아와 일본 서남부 오키나와 본섬과 미야코지마 사이를 통과해 태평양으로 빠져나갔다. 이후 오키나와 본섬 동쪽의 태평양 상공을 선회했으며 다시 두 섬 사이를 통과해 동중국해로 돌아갔다. 이에 일본 항공자위대 전투기가 긴급 발진해 대응했으며 영공 침범은 없었다고 방위성은 전했다. 산케이는 "주변에서는 주일미군과 일본 자위대의 연례 통합 군사훈련인 킨 소드(Keen Sword)가 진행되고 있어 중국군이 정보 수집 활동을 했을 가능성이 있다"고 보도했다. 중국 무인기가 출현한 해역에서는 당일 미·일 함정의 연습이 진행되고 있었다. 방위성은 또 러시아 해군 구축함 등 5척이 13일 오키나와현 해역을 통과해 동중국해로 항행한 것을 확인했다고 밝혔다. 주일미군과 일본 자위대는 10∼19일 미군 1만 명  자위대 2만6천 명이 참가한 가운데 일본 전역 훈련장에서 연례 통합 군사훈련을 진행하고 있다. sungjinpark@yna.co.kr ▶제보는 카톡 okjebo', 'img': 'https://img3.daumcdn.net/thumb/R658x0.q70/?fname=https://t1.daumcdn.net/news/202211/15/yonhap/20221115123641090gxot.jpg', 'reporter': '박성진', 'logo': 'https://t1.daumcdn.net/media/news/news2016/cp/cp_yonhap.gif', 'thumbnail': 'https://img1.daumcdn.net/thumb/S96x60ht.u/?fname=https%3A%2F%2Ft1.daumcdn.net%2Fnews%2F202211%2F15%2Fyonhap%2F20221115123641090gxot.jpg&scode=media', 'category': '국제'}
----------> title test :  미일 정례 군사훈련 중 중국 무인기 출현…"정보 수집 가능성"
Seed set as 42
seed_everything
BASE_DIR :  /mnt/c/venvs/final/wslFinal/finalProject/article/ditAPI
dirTmp1111 :  /mnt/c/venvs/final/wslFinal/finalProject/article/ditAPI/model.pt
current device : cpu
datilyCrawling 시작 :  2022-11-15 12:55:21.021394
{'link': 'https://v.daum.net/v/20221115124712826', 'title': 'G20 정상회의 개막…의장국 인도네시아 대통령 "전쟁 끝내야"(종합)', 'time': datetime.datetime(2022, 11, 15, 12, 47), 'press': '연합뉴스', 'contents': '(자카르타=연합뉴스) 박의래 특파원 = 전 세계 식량·에너지 안보와 보건 등 국제 현안을 논의하기 위한 주요 20개국(G20) 정상회의가 인도네시아 발리에서 15일(현지시간) 개막했다. 함께 하는 회복  보다 강한 회복(Recover Together  Recover Stronger)을 주제로 열리는 이번 G20 정상회의는 16일까지 이틀 동안 진행된다. 이번 회의의 의장인 조코 위도도(조코위) 인도네시아 대통령은 이날 정상회의 개막을 선언하며 "우리는 세계를 분열시켜서는 안 되며 또 다른 냉전에 빠지는 것을 용납해서는 안 된다"라고 강조했다. 조코위 대통령은 또 우크라이나 전쟁과 관련해 "전쟁을 끝내야 한다"라며 "만약 전쟁이 끝나지 않는다면 우리는 앞으로 나아가기 어려울 것"이라고 말했다. 세계 경제와 관련해서는 "전 세계가 엄청난 위기와 도전에 직면해 있으며 식량과 에너지 공급에 미치는 영향은 매우 크다"며 "우리에게는 다른 선택이 없다. 세상을 구하기 위해 협업이 절실히 필요하다"고 역설했다. 조코위 대통령은 "전 세계의 시선이 오늘 우리에게 쏠려 있다"며 "G20은 반드시 성공해야 하며 실패해서는 안 된다. 이번 회의에서 세계 경제 회복을 지원하기 위한 구체적인 결과를 제공해야 한다"고 강조했다. 이번 회의는 이틀 동안 식량·에너지 안보와 보건  디지털 전환 등 총 세 가지 세션으로 구성된다. 또 회의 이후에는 20개국의 의견을 모은 공동선언문인 발리 선언이 채택될 예정이다. 이와 관련해 우크라이나 전쟁을 놓고 전 세계가 분열돼 있어 공동선언문 채택은 어려울 것이란 전망이 많다. 미국 등 서방을 중심으로 공동선언문에 우크라이나 전쟁을 비난하는 문구를 넣어야 한다고 주장하는 반면 러시아를 비롯한 다른 국가들은 이를 반대하고 있어서다. 하지만 샤를 미셸 유럽연합(EU) 이사회 상임의장은 이날 기자회견에서 러시아 대표를 포함한 G20 국가 협상 대표들이 정상회의 종료 후 발표될 공동선언문 초안에 합의했다고 밝혔다. 또 dpa 통신은 자체 입수한 정보를 토대로 성명 초안에 우크라이나 전쟁을 비난하는 문구를 넣는 데 성공했다고 보도했다. 정상회의가 진행되는 동안에도 국가 간 양자 회담도 줄줄이 이어진다. 지난 14일에는 조 바이든 미국 대통령과 시진핑 중국 국가주석이 첫 정상회담을 갖고 양국 간 갈등 현안에 대해 3시간 넘게 심도 있는 대화를 나눴다. 또 이날 오후에는 윤석열 대통령과 시진핑 주석의 정상회담도 예정돼 있다. laecorp@yna.co.kr ▶제보는 카톡 okjebo', 'img': 'https://img4.daumcdn.net/thumb/R658x0.q70/?fname=https://t1.daumcdn.net/news/202211/15/yonhap/20221115124712880gmpo.jpg', 'reporter': '박의래', 'logo': 'https://t1.daumcdn.net/media/news/news2016/cp/cp_yonhap.gif', 'thumbnail': 'https://img1.daumcdn.net/thumb/S96x60ht.u/?fname=https%3A%2F%2Ft1.daumcdn.net%2Fnews%2F202211%2F15%2Fyonhap%2F20221115124712880gmpo.jpg&scode=media', 'category': '국제'}
----------> title test :  G20 정상회의 개막…의장국 인도네시아 대통령 "전쟁 끝내야"(종합)
Seed set as 42
seed_everything
BASE_DIR :  /mnt/c/venvs/final/wslFinal/finalProject/article/ditAPI
dirTmp1111 :  /mnt/c/venvs/final/wslFinal/finalProject/article/ditAPI/model.pt
current device : cpu
datilyCrawling 시작 :  2022-11-15 13:42:21.196843
{'link': 'https://v.daum.net/v/20221115131436379', 'title': '여 "국조는 이재명 방탄"…야3당 "신속 추진"', 'time': datetime.datetime(2022, 11, 15, 13, 14), 'press': '연합뉴스TV', 'contents': '여야는 이태원 참사 국정조사를 둘러싸고 대치를 이어갔습니다. 국민의힘은 어제 중진·재선 의원들이 국정조사 반대 입장을 재확인한 데 이어 오늘 초선의원들도 이런 입장을 나타냈습니다. 국민의힘은 한 온라인 매체의 참사 희생자 명단 공개를 놓고 민주당의 배후설을 제기하며 국정조사 서명운동을 벌이는 민주당에 역공을 시도했습니다. 민주당과 정의당  기본소득당은 원내대표들은 김진표 국회의장을 만나 참사 진상규명을 위한 국정조사를 신속히 추진해야 한다고 요구했습니다. 민주당 박홍근 원내대표는 "윤핵관이 이번엔 국정조사 결사 저지 돌격대로 박차고 나섰다"고 비판하면서 국정조사 수용을 촉구했습니다. #이태원참사 #국정조사 연합뉴스TV 기사문의 및 제보 : 카톡/라인 jebo23 (끝)', 'img': 'video_news', 'reporter': '보도국', 'logo': 'https://t1.daumcdn.net/media/news/news2016/cp/cp_yonhaptv.gif', 'thumbnail': 'https://img1.daumcdn.net/thumb/S96x60ht.u/?fname=https%3A%2F%2Ft1.daumcdn.net%2Fnews%2F202211%2F15%2Fnewsy%2F20221115131436592dbbo.jpg&scode=media', 'category': '정치'}
----------> title test :  여 "국조는 이재명 방탄"…야3당 "신속 추진"
Seed set as 42
seed_everything
BASE_DIR :  /mnt/c/venvs/final/wslFinal/finalProject/article/ditAPI
dirTmp1111 :  /mnt/c/venvs/final/wslFinal/finalProject/article/ditAPI/model.pt
